
[Log Startup at 10:09:12]
2022-02-17 10:09:12.000 (Info) EventServer.StartService - Starting ClientServices...
2022-02-17 10:09:12.146 (Info) EventService.Initialize - Event Service Initialized...
2022-02-17 10:09:12.147 (Info) EventService.Start - Event Service Thread created...
2022-02-17 10:09:12.147 (Info) EventServer.StartService - Create new event listener on server...
2022-02-17 10:09:12.284 (Info) EventServer.StartService.ThreadStart - Starting event listener thread...
2022-02-17 10:09:12.285 (Info) EventServer.StartService.ListenerThread - Event Listener Thread Started successfully.
2022-02-17 10:09:12.437 (Info) EventServer.Listener.Start - Starting listener...
2022-02-17 10:09:12.527 (Info) EventServer.Listener - Server started on port 9101

[Log Startup at 10:11:54]
2022-02-17 10:11:54.407 (Info) EventServer.StartService - Starting ClientServices...
2022-02-17 10:11:54.415 (Info) EventService.Initialize - Event Service Initialized...
2022-02-17 10:11:54.425 (Info) EventService.Start - Event Service Thread created...
2022-02-17 10:11:54.425 (Info) EventServer.StartService - Create new event listener on server...
2022-02-17 10:11:54.439 (Info) EventServer.StartService.ThreadStart - Starting event listener thread...
2022-02-17 10:11:54.442 (Info) EventServer.Listener.Start - Starting listener...
2022-02-17 10:11:54.442 (Info) EventServer.StartService.ListenerThread - Event Listener Thread Started successfully.
2022-02-17 10:11:54.652 (Info) EventServer.Listener - Server started on port 9101
2022-02-17 10:12:04.408 (Info) EventServer.StopService - Stopping events services...
2022-02-17 10:12:04.408 (Info) EventService.Stop - Stopping service thread...
2022-02-17 10:12:04.425 (Info) EventService.Stop - Events Thread pool stopped.
2022-02-17 10:12:04.425 (Info) EventService.Stop - Stop event client connections 0 active connections.
2022-02-17 10:12:04.425 (Info) EventServer.ClientTask.Stop - Completed successfully.
2022-02-17 10:12:04.425 (Info) EventServer.StopService.Listener.Stop - Initiating listener stop....
2022-02-17 10:12:04.425 (Info) EventServer.StopService.Listener.Stop -  successfull.
2022-02-17 10:12:04.843 (Info) EventServer.ListenerThread.Join - Completed.

[Log Startup at 20:58:03]
2022-02-17 20:58:03.839 (Info) EventServer.StartService - Starting ClientServices...
2022-02-17 20:58:03.966 (Info) EventService.Initialize - Event Service Initialized...
2022-02-17 20:58:03.974 (Info) EventService.Start - Event Service Thread created...
2022-02-17 20:58:03.974 (Info) EventServer.StartService - Create new event listener on server...
2022-02-17 20:58:04.302 (Info) EventServer.StartService.ThreadStart - Starting event listener thread...
2022-02-17 20:58:04.352 (Info) EventServer.StartService.ListenerThread - Event Listener Thread Started successfully.
2022-02-17 20:58:04.408 (Info) EventServer.Listener.Start - Starting listener...
2022-02-17 20:58:04.474 (Info) EventServer.Listener - Server started on port 9101
2022-02-17 20:59:37.425 (Info) EventServer.StopService - Stopping events services...
2022-02-17 20:59:37.426 (Info) EventService.Stop - Stopping service thread...
2022-02-17 20:59:37.505 (Info) EventService.Stop - Events Thread pool stopped.
2022-02-17 20:59:37.505 (Info) EventService.Stop - Stop event client connections 0 active connections.
2022-02-17 20:59:37.505 (Info) EventServer.ClientTask.Stop - Completed successfully.
2022-02-17 20:59:37.505 (Info) EventServer.StopService.Listener.Stop - Initiating listener stop....
2022-02-17 20:59:37.505 (Info) EventServer.StopService.Listener.Stop -  successfull.
2022-02-17 20:59:37.962 (Info) EventServer.ListenerThread.Join - Completed.

[Log Startup at 20:59:38]
2022-02-17 20:59:38.989 (Info) EventServer.StartService - Starting ClientServices...
2022-02-17 20:59:38.995 (Info) EventService.Initialize - Event Service Initialized...
2022-02-17 20:59:38.996 (Info) EventService.Start - Event Service Thread created...
2022-02-17 20:59:38.996 (Info) EventServer.StartService - Create new event listener on server...
2022-02-17 20:59:39.004 (Info) EventServer.StartService.ThreadStart - Starting event listener thread...
2022-02-17 20:59:39.004 (Info) EventServer.StartService.ListenerThread - Event Listener Thread Started successfully.
2022-02-17 20:59:39.005 (Info) EventServer.Listener.Start - Starting listener...
2022-02-17 20:59:39.033 (Info) EventServer.Listener - Server started on port 9101
2022-02-17 21:02:13.894 (Info) EventServer.StopService - Stopping events services...
2022-02-17 21:02:13.894 (Info) EventService.Stop - Stopping service thread...
2022-02-17 21:02:14.006 (Info) EventService.Stop - Events Thread pool stopped.
2022-02-17 21:02:14.007 (Info) EventService.Stop - Stop event client connections 0 active connections.
2022-02-17 21:02:14.007 (Info) EventServer.ClientTask.Stop - Completed successfully.
2022-02-17 21:02:14.007 (Info) EventServer.StopService.Listener.Stop - Initiating listener stop....
2022-02-17 21:02:14.007 (Info) EventServer.StopService.Listener.Stop -  successfull.
2022-02-17 21:02:14.165 (Info) EventServer.ListenerThread.Join - Completed.

[Log Startup at 21:02:14]
2022-02-17 21:02:14.890 (Info) EventServer.StartService - Starting ClientServices...
2022-02-17 21:02:14.897 (Info) EventService.Initialize - Event Service Initialized...
2022-02-17 21:02:14.897 (Info) EventService.Start - Event Service Thread created...
2022-02-17 21:02:14.897 (Info) EventServer.StartService - Create new event listener on server...
2022-02-17 21:02:14.907 (Info) EventServer.StartService.ThreadStart - Starting event listener thread...
2022-02-17 21:02:14.907 (Info) EventServer.StartService.ListenerThread - Event Listener Thread Started successfully.
2022-02-17 21:02:14.907 (Info) EventServer.Listener.Start - Starting listener...
2022-02-17 21:02:14.934 (Info) EventServer.Listener - Server started on port 9101

[Log Startup at 21:03:03]
2022-02-17 21:03:03.295 (Info) EventServer.StartService - Starting ClientServices...
2022-02-17 21:03:03.304 (Info) EventService.Initialize - Event Service Initialized...
2022-02-17 21:03:03.305 (Info) EventService.Start - Event Service Thread created...
2022-02-17 21:03:03.305 (Info) EventServer.StartService - Create new event listener on server...
2022-02-17 21:03:03.318 (Info) EventServer.StartService.ThreadStart - Starting event listener thread...
2022-02-17 21:03:03.318 (Info) EventServer.StartService.ListenerThread - Event Listener Thread Started successfully.
2022-02-17 21:03:03.319 (Info) EventServer.Listener.Start - Starting listener...
2022-02-17 21:03:03.344 (Info) EventServer.Listener - Server started on port 9101
2022-02-17 21:03:14.632 (Info) EventServer.StopService - Stopping events services...
2022-02-17 21:03:14.632 (Info) EventService.Stop - Stopping service thread...
2022-02-17 21:03:14.664 (Info) EventService.Stop - Events Thread pool stopped.
2022-02-17 21:03:14.664 (Info) EventService.Stop - Stop event client connections 0 active connections.
2022-02-17 21:03:14.664 (Info) EventServer.ClientTask.Stop - Completed successfully.
2022-02-17 21:03:14.665 (Info) EventServer.StopService.Listener.Stop - Initiating listener stop....
2022-02-17 21:03:14.665 (Info) EventServer.StopService.Listener.Stop -  successfull.
2022-02-17 21:03:15.026 (Info) EventServer.ListenerThread.Join - Completed.

[Log Startup at 21:03:15]
2022-02-17 21:03:15.618 (Info) EventServer.StartService - Starting ClientServices...
2022-02-17 21:03:15.625 (Info) EventService.Initialize - Event Service Initialized...
2022-02-17 21:03:15.626 (Info) EventService.Start - Event Service Thread created...
2022-02-17 21:03:15.626 (Info) EventServer.StartService - Create new event listener on server...
2022-02-17 21:03:15.635 (Info) EventServer.StartService.ThreadStart - Starting event listener thread...
2022-02-17 21:03:15.636 (Info) EventServer.StartService.ListenerThread - Event Listener Thread Started successfully.
2022-02-17 21:03:15.637 (Info) EventServer.Listener.Start - Starting listener...
2022-02-17 21:03:15.655 (Info) EventServer.Listener - Server started on port 9101
2022-02-17 21:03:39.156 (Info) EventServer.StopService - Stopping events services...
2022-02-17 21:03:39.156 (Info) EventService.Stop - Stopping service thread...
2022-02-17 21:03:39.218 (Info) EventService.Stop - Events Thread pool stopped.
2022-02-17 21:03:39.218 (Info) EventService.Stop - Stop event client connections 0 active connections.
2022-02-17 21:03:39.218 (Info) EventServer.ClientTask.Stop - Completed successfully.
2022-02-17 21:03:39.218 (Info) EventServer.StopService.Listener.Stop - Initiating listener stop....
2022-02-17 21:03:39.219 (Info) EventServer.StopService.Listener.Stop -  successfull.
2022-02-17 21:03:39.546 (Info) EventServer.ListenerThread.Join - Completed.

[Log Startup at 21:03:40]
2022-02-17 21:03:40.522 (Info) EventServer.StartService - Starting ClientServices...
2022-02-17 21:03:40.529 (Info) EventService.Initialize - Event Service Initialized...
2022-02-17 21:03:40.530 (Info) EventService.Start - Event Service Thread created...
2022-02-17 21:03:40.530 (Info) EventServer.StartService - Create new event listener on server...
2022-02-17 21:03:40.540 (Info) EventServer.StartService.ThreadStart - Starting event listener thread...
2022-02-17 21:03:40.540 (Info) EventServer.StartService.ListenerThread - Event Listener Thread Started successfully.
2022-02-17 21:03:40.541 (Info) EventServer.Listener.Start - Starting listener...
2022-02-17 21:03:40.575 (Info) EventServer.Listener - Server started on port 9101
2022-02-17 21:03:59.428 (Info) EventServer.StopService - Stopping events services...
2022-02-17 21:03:59.428 (Info) EventService.Stop - Stopping service thread...
2022-02-17 21:03:59.491 (Info) EventService.Stop - Events Thread pool stopped.
2022-02-17 21:03:59.491 (Info) EventService.Stop - Stop event client connections 0 active connections.
2022-02-17 21:03:59.491 (Info) EventServer.ClientTask.Stop - Completed successfully.
2022-02-17 21:03:59.491 (Info) EventServer.StopService.Listener.Stop - Initiating listener stop....
2022-02-17 21:03:59.491 (Info) EventServer.StopService.Listener.Stop -  successfull.
2022-02-17 21:03:59.823 (Info) EventServer.ListenerThread.Join - Completed.
