
[Log Startup at 10:09:12]
2022-02-17 10:09:12.323 (Info) Server.StartService - SILSocketServer, Ver=1.0.0 Build 0
2022-02-17 10:09:12.436 (Info) Server.StartService - Starting ClientServices...
2022-02-17 10:09:12.540 (Info) ClientService.Initialize - Client service pool created for 50 threads.
2022-02-17 10:09:12.748 (Info) ClientService.Start - Client threads on server: 50.
2022-02-17 10:09:12.865 (Info) Server.StartService - Create new listener on server...
2022-02-17 10:09:12.972 (Info) Server.StartService.ThreadStart - Starting listener thread...
2022-02-17 10:09:13.082 (Info) Server.StartService.ListenerThread - Listener Thread Started successfully on port 9100.
2022-02-17 10:09:13.189 (Info) Server.Listener.Start - Starting listener...
2022-02-17 10:09:13.298 (Info) Server.Listener - Server started on port 9100

[Log Startup at 10:11:54]
2022-02-17 10:11:54.603 (Info) Server.StartService - SILSocketServer, Ver=1.0.0 Build 0
2022-02-17 10:11:54.933 (Info) Server.StartService - Starting ClientServices...
2022-02-17 10:11:55.041 (Info) ClientService.Initialize - Client service pool created for 50 threads.
2022-02-17 10:11:55.150 (Info) ClientService.Start - Client threads on server: 50.
2022-02-17 10:11:55.259 (Info) Server.StartService - Create new listener on server...
2022-02-17 10:11:55.368 (Info) Server.StartService.ThreadStart - Starting listener thread...
2022-02-17 10:11:55.476 (Info) Server.StartService.ListenerThread - Listener Thread Started successfully on port 9100.
2022-02-17 10:11:55.586 (Info) Server.Listener.Start - Starting listener...
2022-02-17 10:11:55.692 (Info) Server.Listener - Server started on port 9100
2022-02-17 10:12:03.316 (Info) Server.StopService - Stopping client services...
2022-02-17 10:12:03.426 (Info) ClientService.Stop - Stopping thread service...
2022-02-17 10:12:03.536 (Info) ClientService.Stop - Thread pool stopped.
2022-02-17 10:12:03.646 (Info) ClientService.Stop - Stop client connections 0 active connections.
2022-02-17 10:12:03.756 (Info) Server.ClientTask.Stop - Completed successfully.
2022-02-17 10:12:03.865 (Info) Server.StopService.Listener.Stop - Initiating listener stop....
2022-02-17 10:12:03.976 (Info) Server.StopService.Listener.Stop -  successfull.
2022-02-17 10:12:04.087 (Info) Server.ListenerThread.Join - Completed.
2022-02-17 10:12:04.199 (Info) Server.StopService - Uptime: 0 days 0 hours 0 minutes 8 seconds.
2022-02-17 10:12:04.311 (Info) EventServer.StopService - Sending Signal to Stop Event Service

[Log Startup at 20:58:04]
2022-02-17 20:58:04.387 (Info) Server.StartService - SILSocketServer, Ver=1.0.0 Build 0
2022-02-17 20:58:04.519 (Info) Server.StartService - Starting ClientServices...
2022-02-17 20:58:04.628 (Info) ClientService.Initialize - Client service pool created for 50 threads.
2022-02-17 20:58:04.737 (Info) ClientService.Start - Client threads on server: 50.
2022-02-17 20:58:04.844 (Info) Server.StartService - Create new listener on server...
2022-02-17 20:58:04.952 (Info) Server.StartService.ThreadStart - Starting listener thread...
2022-02-17 20:58:05.063 (Info) Server.Listener.Start - Starting listener...
2022-02-17 20:58:05.173 (Info) Server.StartService.ListenerThread - Listener Thread Started successfully on port 9100.
2022-02-17 20:58:05.278 (Info) Server.Listener - Server started on port 9100
2022-02-17 20:59:36.403 (Info) Server.StopService - Stopping client services...
2022-02-17 20:59:36.514 (Info) ClientService.Stop - Stopping thread service...
2022-02-17 20:59:36.622 (Info) ClientService.Stop - Thread pool stopped.
2022-02-17 20:59:36.732 (Info) ClientService.Stop - Stop client connections 0 active connections.
2022-02-17 20:59:36.842 (Info) Server.ClientTask.Stop - Completed successfully.
2022-02-17 20:59:36.952 (Info) Server.StopService.Listener.Stop - Initiating listener stop....
2022-02-17 20:59:37.062 (Info) Server.StopService.Listener.Stop -  successfull.
2022-02-17 20:59:37.173 (Info) Server.ListenerThread.Join - Completed.
2022-02-17 20:59:37.283 (Info) Server.StopService - Uptime: 0 days 0 hours 1 minutes 32 seconds.
2022-02-17 20:59:37.394 (Info) EventServer.StopService - Sending Signal to Stop Event Service

[Log Startup at 20:59:39]
2022-02-17 20:59:39.110 (Info) Server.StartService - SILSocketServer, Ver=1.0.0 Build 0
2022-02-17 20:59:39.220 (Info) Server.StartService - Starting ClientServices...
2022-02-17 20:59:39.330 (Info) ClientService.Initialize - Client service pool created for 50 threads.
2022-02-17 20:59:39.440 (Info) ClientService.Start - Client threads on server: 50.
2022-02-17 20:59:39.550 (Info) Server.StartService - Create new listener on server...
2022-02-17 20:59:39.661 (Info) Server.StartService.ThreadStart - Starting listener thread...
2022-02-17 20:59:39.772 (Info) Server.StartService.ListenerThread - Listener Thread Started successfully on port 9100.
2022-02-17 20:59:39.880 (Info) Server.Listener.Start - Starting listener...
2022-02-17 20:59:39.990 (Info) Server.Listener - Server started on port 9100
2022-02-17 21:02:12.681 (Info) Server.StopService - Stopping client services...
2022-02-17 21:02:12.791 (Info) ClientService.Stop - Stopping thread service...
2022-02-17 21:02:12.902 (Info) ClientService.Stop - Thread pool stopped.
2022-02-17 21:02:13.010 (Info) ClientService.Stop - Stop client connections 0 active connections.
2022-02-17 21:02:13.118 (Info) Server.ClientTask.Stop - Completed successfully.
2022-02-17 21:02:13.228 (Info) Server.StopService.Listener.Stop - Initiating listener stop....
2022-02-17 21:02:13.338 (Info) Server.StopService.Listener.Stop -  successfull.
2022-02-17 21:02:13.449 (Info) Server.ListenerThread.Join - Completed.
2022-02-17 21:02:13.561 (Info) Server.StopService - Uptime: 0 days 0 hours 2 minutes 33 seconds.
2022-02-17 21:02:13.674 (Info) EventServer.StopService - Sending Signal to Stop Event Service

[Log Startup at 21:02:15]
2022-02-17 21:02:15.003 (Info) Server.StartService - SILSocketServer, Ver=1.0.0 Build 0
2022-02-17 21:02:15.111 (Info) Server.StartService - Starting ClientServices...
2022-02-17 21:02:15.224 (Info) ClientService.Initialize - Client service pool created for 50 threads.
2022-02-17 21:02:15.332 (Info) ClientService.Start - Client threads on server: 50.
2022-02-17 21:02:15.440 (Info) Server.StartService - Create new listener on server...
2022-02-17 21:02:15.549 (Info) Server.StartService.ThreadStart - Starting listener thread...
2022-02-17 21:02:15.659 (Info) Server.StartService.ListenerThread - Listener Thread Started successfully on port 9100.
2022-02-17 21:02:15.768 (Info) Server.Listener.Start - Starting listener...
2022-02-17 21:02:15.880 (Info) Server.Listener - Server started on port 9100

[Log Startup at 21:03:03]
2022-02-17 21:03:03.416 (Info) Server.StartService - SILSocketServer, Ver=1.0.0 Build 0
2022-02-17 21:03:03.525 (Info) Server.StartService - Starting ClientServices...
2022-02-17 21:03:03.631 (Info) ClientService.Initialize - Client service pool created for 50 threads.
2022-02-17 21:03:03.739 (Info) ClientService.Start - Client threads on server: 50.
2022-02-17 21:03:03.849 (Info) Server.StartService - Create new listener on server...
2022-02-17 21:03:03.958 (Info) Server.StartService.ThreadStart - Starting listener thread...
2022-02-17 21:03:04.065 (Info) Server.StartService.ListenerThread - Listener Thread Started successfully on port 9100.
2022-02-17 21:03:04.175 (Info) Server.Listener.Start - Starting listener...
2022-02-17 21:03:04.284 (Info) Server.Listener - Server started on port 9100
2022-02-17 21:03:13.551 (Info) Server.StopService - Stopping client services...
2022-02-17 21:03:13.661 (Info) ClientService.Stop - Stopping thread service...
2022-02-17 21:03:13.774 (Info) ClientService.Stop - Thread pool stopped.
2022-02-17 21:03:13.886 (Info) ClientService.Stop - Stop client connections 0 active connections.
2022-02-17 21:03:13.996 (Info) Server.ClientTask.Stop - Completed successfully.
2022-02-17 21:03:14.108 (Info) Server.StopService.Listener.Stop - Initiating listener stop....
2022-02-17 21:03:14.219 (Info) Server.StopService.Listener.Stop -  successfull.
2022-02-17 21:03:14.329 (Info) Server.ListenerThread.Join - Completed.
2022-02-17 21:03:14.441 (Info) Server.StopService - Uptime: 0 days 0 hours 0 minutes 10 seconds.
2022-02-17 21:03:14.553 (Info) EventServer.StopService - Sending Signal to Stop Event Service

[Log Startup at 21:03:15]
2022-02-17 21:03:15.729 (Info) Server.StartService - SILSocketServer, Ver=1.0.0 Build 0
2022-02-17 21:03:15.838 (Info) Server.StartService - Starting ClientServices...
2022-02-17 21:03:15.945 (Info) ClientService.Initialize - Client service pool created for 50 threads.
2022-02-17 21:03:16.054 (Info) ClientService.Start - Client threads on server: 50.
2022-02-17 21:03:16.164 (Info) Server.StartService - Create new listener on server...
2022-02-17 21:03:16.274 (Info) Server.StartService.ThreadStart - Starting listener thread...
2022-02-17 21:03:16.381 (Info) Server.StartService.ListenerThread - Listener Thread Started successfully on port 9100.
2022-02-17 21:03:16.491 (Info) Server.Listener.Start - Starting listener...
2022-02-17 21:03:16.601 (Info) Server.Listener - Server started on port 9100
2022-02-17 21:03:37.896 (Info) Server.StopService - Stopping client services...
2022-02-17 21:03:38.005 (Info) ClientService.Stop - Stopping thread service...
2022-02-17 21:03:38.113 (Info) ClientService.Stop - Thread pool stopped.
2022-02-17 21:03:38.225 (Info) ClientService.Stop - Stop client connections 0 active connections.
2022-02-17 21:03:38.333 (Info) Server.ClientTask.Stop - Completed successfully.
2022-02-17 21:03:38.443 (Info) Server.StopService.Listener.Stop - Initiating listener stop....
2022-02-17 21:03:38.555 (Info) Server.StopService.Listener.Stop -  successfull.
2022-02-17 21:03:38.664 (Info) Server.ListenerThread.Join - Completed.
2022-02-17 21:03:38.773 (Info) Server.StopService - Uptime: 0 days 0 hours 0 minutes 22 seconds.
2022-02-17 21:03:38.885 (Info) EventServer.StopService - Sending Signal to Stop Event Service

[Log Startup at 21:03:40]
2022-02-17 21:03:40.636 (Info) Server.StartService - SILSocketServer, Ver=1.0.0 Build 0
2022-02-17 21:03:40.747 (Info) Server.StartService - Starting ClientServices...
2022-02-17 21:03:40.855 (Info) ClientService.Initialize - Client service pool created for 50 threads.
2022-02-17 21:03:40.967 (Info) ClientService.Start - Client threads on server: 50.
2022-02-17 21:03:41.074 (Info) Server.StartService - Create new listener on server...
2022-02-17 21:03:41.186 (Info) Server.StartService.ThreadStart - Starting listener thread...
2022-02-17 21:03:41.297 (Info) Server.StartService.ListenerThread - Listener Thread Started successfully on port 9100.
2022-02-17 21:03:41.407 (Info) Server.Listener.Start - Starting listener...
2022-02-17 21:03:41.521 (Info) Server.Listener - Server started on port 9100
2022-02-17 21:03:58.282 (Info) Server.StopService - Stopping client services...
2022-02-17 21:03:58.391 (Info) ClientService.Stop - Stopping thread service...
2022-02-17 21:03:58.499 (Info) ClientService.Stop - Thread pool stopped.
2022-02-17 21:03:58.608 (Info) ClientService.Stop - Stop client connections 0 active connections.
2022-02-17 21:03:58.719 (Info) Server.ClientTask.Stop - Completed successfully.
2022-02-17 21:03:58.829 (Info) Server.StopService.Listener.Stop - Initiating listener stop....
2022-02-17 21:03:58.939 (Info) Server.StopService.Listener.Stop -  successfull.
2022-02-17 21:03:59.049 (Info) Server.ListenerThread.Join - Completed.
2022-02-17 21:03:59.160 (Info) Server.StopService - Uptime: 0 days 0 hours 0 minutes 17 seconds.
2022-02-17 21:03:59.271 (Info) EventServer.StopService - Sending Signal to Stop Event Service
